  Drawable.cpp
  Drawable2D.cpp
c:\program files (x86)\windows kits\10\include\10.0.17763.0\shared\minwindef.h(130): warning C4005: 'APIENTRY': macro redefinition
  c:\users\rick\source\repos\tricksterengine\tricksterengine\include\glfw\glfw3.h(123): note: see previous definition of 'APIENTRY'
  Engine.cpp
c:\program files (x86)\windows kits\10\include\10.0.17763.0\shared\minwindef.h(130): warning C4005: 'APIENTRY': macro redefinition
  c:\users\rick\source\repos\tricksterengine\tricksterengine\include\glfw\glfw3.h(123): note: see previous definition of 'APIENTRY'
c:\users\rick\source\repos\tricksterengine\tricksterengine\engine.cpp(30): warning C4244: 'argument': conversion from 'time_t' to 'unsigned int', possible loss of data
  Nicolai.cpp
c:\program files (x86)\windows kits\10\include\10.0.17763.0\shared\minwindef.h(130): warning C4005: 'APIENTRY': macro redefinition
  c:\users\rick\source\repos\tricksterengine\tricksterengine\include\glfw\glfw3.h(123): note: see previous definition of 'APIENTRY'
  Renderer.cpp
c:\program files (x86)\windows kits\10\include\10.0.17763.0\shared\minwindef.h(130): warning C4005: 'APIENTRY': macro redefinition
  c:\users\rick\source\repos\tricksterengine\tricksterengine\include\glfw\glfw3.h(123): note: see previous definition of 'APIENTRY'
  Texture.cpp
c:\program files (x86)\windows kits\10\include\10.0.17763.0\shared\minwindef.h(130): warning C4005: 'APIENTRY': macro redefinition
  c:\users\rick\source\repos\tricksterengine\tricksterengine\include\glfw\glfw3.h(123): note: see previous definition of 'APIENTRY'
c:\users\rick\source\repos\tricksterengine\tricksterengine\texture.cpp(82): warning C4267: 'argument': conversion from 'size_t' to 'GLsizei', possible loss of data
  TextureManager.cpp
  TricksterEngine.cpp
c:\program files (x86)\windows kits\10\include\10.0.17763.0\shared\minwindef.h(130): warning C4005: 'APIENTRY': macro redefinition
  c:\users\rick\source\repos\tricksterengine\tricksterengine\include\glfw\glfw3.h(123): note: see previous definition of 'APIENTRY'
  VertexArray.cpp
LINK : warning LNK4098: defaultlib 'LIBCMT' conflicts with use of other libs; use /NODEFAULTLIB:library
  Generating code
  55 of 1373 functions ( 4.0%) were compiled, the rest were copied from previous compilation.
    33 functions were new in current compilation
    75 functions had inline decision re-evaluated but remain unchanged
  Finished generating code
IndexBuffer.obj : warning LNK4049: locally defined symbol __glewDeleteBuffers imported
IndexBuffer.obj : warning LNK4049: locally defined symbol __glewGenBuffers imported
IndexBuffer.obj : warning LNK4049: locally defined symbol __glewBufferData imported
IndexBuffer.obj : warning LNK4049: locally defined symbol __glewBindBuffer imported
Shader.obj : warning LNK4049: locally defined symbol __glewUniform4f imported
Shader.obj : warning LNK4049: locally defined symbol __glewLinkProgram imported
Shader.obj : warning LNK4049: locally defined symbol __glewDeleteShader imported
Shader.obj : warning LNK4049: locally defined symbol __glewGetProgramInfoLog imported
Shader.obj : warning LNK4049: locally defined symbol __glewDetachShader imported
Shader.obj : warning LNK4049: locally defined symbol __glewShaderSource imported
Shader.obj : warning LNK4049: locally defined symbol __glewDeleteProgram imported
Shader.obj : warning LNK4049: locally defined symbol __glewAttachShader imported
Shader.obj : warning LNK4049: locally defined symbol __glewGetUniformLocation imported
Shader.obj : warning LNK4049: locally defined symbol __glewGetProgramiv imported
Shader.obj : warning LNK4049: locally defined symbol __glewGetShaderInfoLog imported
Shader.obj : warning LNK4049: locally defined symbol __glewUniform1i imported
Shader.obj : warning LNK4049: locally defined symbol __glewCreateProgram imported
Shader.obj : warning LNK4049: locally defined symbol __glewCreateShader imported
Shader.obj : warning LNK4049: locally defined symbol __glewCompileShader imported
Shader.obj : warning LNK4049: locally defined symbol __glewGetShaderiv imported
Shader.obj : warning LNK4049: locally defined symbol __glewUseProgram imported
VertexArray.obj : warning LNK4049: locally defined symbol __glewGenVertexArrays imported
VertexArray.obj : warning LNK4049: locally defined symbol __glewDeleteVertexArrays imported
VertexArray.obj : warning LNK4049: locally defined symbol __glewVertexAttribDivisor imported
VertexArray.obj : warning LNK4049: locally defined symbol __glewVertexAttribPointer imported
VertexArray.obj : warning LNK4049: locally defined symbol __glewBindVertexArray imported
VertexArray.obj : warning LNK4049: locally defined symbol __glewEnableVertexAttribArray imported
glew32s.lib(glew.obj) : warning LNK4099: PDB 'vc120.pdb' was not found with 'glew32s.lib(glew.obj)' or at 'C:\Users\rick\source\repos\TricksterEngine\x64\Release\vc120.pdb'; linking object as if no debug info
  TricksterEngine.vcxproj -> C:\Users\rick\source\repos\TricksterEngine\x64\Release\TricksterEngine.exe
