c:\users\rick\source\repos\tricksterengine\tricksterengine\x64\debug\vc141.pdb
c:\users\rick\source\repos\tricksterengine\tricksterengine\x64\debug\vc141.idb
c:\users\rick\source\repos\tricksterengine\tricksterengine\x64\debug\tricksterengine.obj
c:\users\rick\source\repos\tricksterengine\tricksterengine\x64\debug\engine.obj
c:\users\rick\source\repos\tricksterengine\tricksterengine\x64\debug\renderer.obj
c:\users\rick\source\repos\tricksterengine\tricksterengine\x64\debug\vertexbuffer.obj
c:\users\rick\source\repos\tricksterengine\tricksterengine\x64\debug\indexbuffer.obj
c:\users\rick\source\repos\tricksterengine\tricksterengine\x64\debug\vertexbufferlayout.obj
c:\users\rick\source\repos\tricksterengine\tricksterengine\x64\debug\vertexarray.obj
c:\users\rick\source\repos\tricksterengine\tricksterengine\x64\debug\texture.obj
c:\users\rick\source\repos\tricksterengine\tricksterengine\x64\debug\shader.obj
c:\users\rick\source\repos\tricksterengine\tricksterengine\x64\debug\drawable.obj
c:\users\rick\source\repos\tricksterengine\tricksterengine\x64\debug\texturemanager.obj
c:\users\rick\source\repos\tricksterengine\x64\debug\tricksterengine.exe
c:\users\rick\source\repos\tricksterengine\x64\debug\tricksterengine.ilk
c:\users\rick\source\repos\tricksterengine\x64\debug\tricksterengine.pdb
c:\users\rick\source\repos\tricksterengine\tricksterengine\x64\debug\pch.obj
c:\users\rick\source\repos\tricksterengine\tricksterengine\x64\debug\tricksterengine.pch
c:\users\rick\source\repos\tricksterengine\tricksterengine\x64\debug\tricksterengine.tlog\cl.command.1.tlog
c:\users\rick\source\repos\tricksterengine\tricksterengine\x64\debug\tricksterengine.tlog\cl.read.1.tlog
c:\users\rick\source\repos\tricksterengine\tricksterengine\x64\debug\tricksterengine.tlog\cl.write.1.tlog
c:\users\rick\source\repos\tricksterengine\tricksterengine\x64\debug\tricksterengine.tlog\link.command.1.tlog
c:\users\rick\source\repos\tricksterengine\tricksterengine\x64\debug\tricksterengine.tlog\link.read.1.tlog
c:\users\rick\source\repos\tricksterengine\tricksterengine\x64\debug\tricksterengine.tlog\link.write.1.tlog
