  Engine.cpp
c:\program files (x86)\windows kits\10\include\10.0.17763.0\shared\minwindef.h(130): warning C4005: 'APIENTRY': macro redefinition
  c:\users\rick\source\repos\tricksterengine\tricksterengine\include\glfw\glfw3.h(123): note: see previous definition of 'APIENTRY'
c:\users\rick\source\repos\tricksterengine\tricksterengine\src\engine.cpp(33): warning C4244: 'argument': conversion from 'time_t' to 'unsigned int', possible loss of data
LINK : warning LNK4098: defaultlib 'LIBCMT' conflicts with use of other libs; use /NODEFAULTLIB:library
LINK : warning LNK4098: defaultlib 'MSVCRT' conflicts with use of other libs; use /NODEFAULTLIB:library
IndexBuffer.obj : warning LNK4049: locally defined symbol __glewBindBuffer imported
VertexBuffer.obj : warning LNK4049: locally defined symbol __glewBindBuffer imported
IndexBuffer.obj : warning LNK4049: locally defined symbol __glewBufferData imported
VertexBuffer.obj : warning LNK4049: locally defined symbol __glewBufferData imported
IndexBuffer.obj : warning LNK4049: locally defined symbol __glewDeleteBuffers imported
VertexBuffer.obj : warning LNK4049: locally defined symbol __glewDeleteBuffers imported
IndexBuffer.obj : warning LNK4049: locally defined symbol __glewGenBuffers imported
VertexBuffer.obj : warning LNK4049: locally defined symbol __glewGenBuffers imported
Shader.obj : warning LNK4049: locally defined symbol __glewAttachShader imported
Shader.obj : warning LNK4049: locally defined symbol __glewCompileShader imported
Shader.obj : warning LNK4049: locally defined symbol __glewCreateProgram imported
Shader.obj : warning LNK4049: locally defined symbol __glewCreateShader imported
Shader.obj : warning LNK4049: locally defined symbol __glewDeleteProgram imported
Shader.obj : warning LNK4049: locally defined symbol __glewDeleteShader imported
Shader.obj : warning LNK4049: locally defined symbol __glewDetachShader imported
Shader.obj : warning LNK4049: locally defined symbol __glewGetProgramInfoLog imported
Shader.obj : warning LNK4049: locally defined symbol __glewGetProgramiv imported
Shader.obj : warning LNK4049: locally defined symbol __glewGetShaderInfoLog imported
Shader.obj : warning LNK4049: locally defined symbol __glewGetShaderiv imported
Shader.obj : warning LNK4049: locally defined symbol __glewGetUniformLocation imported
Shader.obj : warning LNK4049: locally defined symbol __glewLinkProgram imported
Shader.obj : warning LNK4049: locally defined symbol __glewShaderSource imported
Shader.obj : warning LNK4049: locally defined symbol __glewUniform1i imported
Shader.obj : warning LNK4049: locally defined symbol __glewUniform4f imported
Shader.obj : warning LNK4049: locally defined symbol __glewUseProgram imported
VertexArray.obj : warning LNK4049: locally defined symbol __glewEnableVertexAttribArray imported
VertexArray.obj : warning LNK4049: locally defined symbol __glewVertexAttribPointer imported
VertexArray.obj : warning LNK4049: locally defined symbol __glewBindVertexArray imported
VertexArray.obj : warning LNK4049: locally defined symbol __glewDeleteVertexArrays imported
VertexArray.obj : warning LNK4049: locally defined symbol __glewGenVertexArrays imported
glew32s.lib(glew.obj) : warning LNK4099: PDB 'vc120.pdb' was not found with 'glew32s.lib(glew.obj)' or at 'C:\Users\rick\source\repos\TricksterEngine\x64\Debug\vc120.pdb'; linking object as if no debug info
  TricksterEngine.vcxproj -> C:\Users\rick\source\repos\TricksterEngine\x64\Debug\TricksterEngine.exe
